{
  "RSpec": {
    "coverage": {
      "/home/developer/Documentos/playbusinessbonus/config/environment.rb": [
        null,
        1,
        null,
        null,
        1
      ],
      "/home/developer/Documentos/playbusinessbonus/config/application.rb": [
        1,
        null,
        1,
        null,
        null,
        null,
        1,
        null,
        1,
        1,
        null,
        1,
        null,
        null,
        null,
        null,
        null,
        null,
        null
      ],
      "/home/developer/Documentos/playbusinessbonus/config/boot.rb": [
        1,
        null,
        1,
        1
      ],
      "/home/developer/Documentos/playbusinessbonus/config/environments/test.rb": [
        1,
        null,
        null,
        null,
        null,
        null,
        null,
        1,
        null,
        null,
        null,
        null,
        1,
        null,
        null,
        1,
        1,
        null,
        null,
        null,
        null,
        1,
        1,
        null,
        null,
        1,
        null,
        null,
        1,
        null,
        null,
        1,
        null,
        1,
        null,
        null,
        null,
        null,
        1,
        null,
        null,
        1,
        null,
        null,
        null,
        null
      ],
      "/home/developer/Documentos/playbusinessbonus/config/initializers/application_controller_renderer.rb": [
        null,
        null,
        null,
        null,
        null,
        null,
        null,
        null
      ],
      "/home/developer/Documentos/playbusinessbonus/config/initializers/assets.rb": [
        null,
        null,
        null,
        1,
        null,
        null,
        null,
        null,
        1,
        null,
        null,
        null,
        null,
        null
      ],
      "/home/developer/Documentos/playbusinessbonus/config/initializers/backtrace_silencers.rb": [
        null,
        null,
        null,
        null,
        null,
        null,
        null
      ],
      "/home/developer/Documentos/playbusinessbonus/config/initializers/content_security_policy.rb": [
        null,
        null,
        null,
        null,
        null,
        null,
        null,
        null,
        null,
        null,
        null,
        null,
        null,
        null,
        null,
        null,
        null,
        null,
        null,
        null,
        null,
        null,
        null,
        null,
        null
      ],
      "/home/developer/Documentos/playbusinessbonus/config/initializers/cookies_serializer.rb": [
        null,
        null,
        null,
        null,
        1
      ],
      "/home/developer/Documentos/playbusinessbonus/config/initializers/devise.rb": [
        null,
        null,
        null,
        null,
        1,
        null,
        null,
        null,
        null,
        null,
        null,
        null,
        null,
        null,
        null,
        null,
        null,
        null,
        null,
        null,
        1,
        null,
        null,
        null,
        null,
        null,
        null,
        null,
        null,
        null,
        null,
        null,
        1,
        null,
        null,
        null,
        null,
        null,
        null,
        null,
        null,
        null,
        null,
        null,
        null,
        null,
        null,
        null,
        null,
        null,
        null,
        null,
        null,
        null,
        1,
        null,
        null,
        null,
        null,
        1,
        null,
        null,
        null,
        null,
        null,
        null,
        null,
        null,
        null,
        null,
        null,
        null,
        null,
        null,
        null,
        null,
        null,
        null,
        null,
        null,
        null,
        null,
        null,
        null,
        null,
        null,
        null,
        null,
        null,
        null,
        1,
        null,
        null,
        null,
        null,
        null,
        null,
        null,
        null,
        null,
        null,
        null,
        null,
        null,
        null,
        null,
        null,
        null,
        null,
        null,
        null,
        null,
        null,
        1,
        null,
        null,
        null,
        null,
        null,
        null,
        null,
        null,
        null,
        null,
        null,
        null,
        null,
        null,
        null,
        null,
        null,
        null,
        null,
        null,
        null,
        null,
        null,
        null,
        null,
        null,
        null,
        null,
        null,
        null,
        1,
        null,
        null,
        null,
        null,
        null,
        null,
        null,
        null,
        null,
        1,
        null,
        null,
        null,
        null,
        null,
        null,
        null,
        null,
        null,
        null,
        1,
        null,
        null,
        null,
        null,
        1,
        null,
        null,
        null,
        null,
        null,
        null,
        null,
        null,
        null,
        null,
        null,
        null,
        null,
        null,
        null,
        null,
        null,
        null,
        null,
        null,
        null,
        null,
        null,
        null,
        null,
        null,
        null,
        null,
        null,
        null,
        null,
        null,
        null,
        null,
        null,
        null,
        null,
        null,
        null,
        null,
        1,
        null,
        null,
        null,
        null,
        null,
        null,
        null,
        null,
        null,
        null,
        null,
        null,
        null,
        null,
        null,
        null,
        null,
        null,
        null,
        null,
        null,
        null,
        null,
        null,
        null,
        null,
        null,
        null,
        null,
        null,
        null,
        null,
        null,
        null,
        null,
        null,
        null,
        null,
        null,
        null,
        null,
        1,
        null,
        null,
        null,
        null,
        null,
        null,
        null,
        null,
        null,
        null,
        null,
        null,
        null,
        null,
        null,
        null,
        null,
        null,
        null,
        null,
        null,
        null,
        null,
        null,
        null,
        null,
        null,
        null,
        null,
        null,
        null,
        null,
        null,
        null,
        null,
        null
      ],
      "/home/developer/Documentos/playbusinessbonus/config/initializers/filter_parameter_logging.rb": [
        null,
        null,
        null,
        1
      ],
      "/home/developer/Documentos/playbusinessbonus/config/initializers/inflections.rb": [
        null,
        null,
        null,
        null,
        null,
        null,
        null,
        null,
        null,
        null,
        null,
        null,
        null,
        null,
        null,
        null
      ],
      "/home/developer/Documentos/playbusinessbonus/config/initializers/mime_types.rb": [
        null,
        null,
        null,
        null
      ],
      "/home/developer/Documentos/playbusinessbonus/config/initializers/wrap_parameters.rb": [
        null,
        null,
        null,
        null,
        null,
        null,
        1,
        2,
        null,
        null,
        null,
        null,
        null,
        null
      ],
      "/home/developer/Documentos/playbusinessbonus/spec/factories/investments.rb": [
        1,
        1,
        1,
        1,
        1,
        null,
        null
      ],
      "/home/developer/Documentos/playbusinessbonus/spec/factories/users.rb": [
        1,
        null,
        1,
        1,
        1,
        1,
        1,
        1,
        1,
        0,
        0,
        0,
        0,
        null,
        1,
        1,
        1,
        0,
        0,
        null,
        null,
        1,
        1,
        1,
        0,
        0,
        null,
        null,
        1,
        1,
        1,
        0,
        null,
        null,
        1,
        1,
        1,
        0,
        null,
        null,
        null,
        null,
        null
      ],
      "/home/developer/Documentos/playbusinessbonus/config/routes.rb": [
        1,
        1,
        null,
        1,
        1,
        null
      ],
      "/home/developer/Documentos/playbusinessbonus/app/models/user.rb": [
        1,
        null,
        null,
        1,
        null,
        1,
        null
      ],
      "/home/developer/Documentos/playbusinessbonus/app/models/application_record.rb": [
        1,
        1,
        null
      ],
      "/home/developer/Documentos/playbusinessbonus/app/helpers/application_helper.rb": [
        1,
        null
      ],
      "/home/developer/Documentos/playbusinessbonus/app/controllers/application_controller.rb": [
        1,
        null,
        1,
        null,
        5,
        null,
        5,
        0,
        null,
        null,
        5,
        null,
        5,
        null,
        5,
        null,
        5,
        null,
        5,
        null,
        3,
        null,
        3,
        null,
        null,
        5,
        null,
        5,
        null,
        null,
        null,
        1,
        null,
        0,
        null,
        null,
        1,
        null,
        1,
        5,
        null,
        5,
        15,
        null,
        null,
        5,
        10,
        null,
        5,
        null,
        null
      ],
      "/home/developer/Documentos/playbusinessbonus/app/models/investment.rb": [
        1,
        1,
        1,
        16,
        6,
        6,
        null
      ],
      "/home/developer/Documentos/playbusinessbonus/app/models/cv_interval.rb": [
        1,
        1,
        1,
        9,
        null
      ],
      "/home/developer/Documentos/playbusinessbonus/app/models/investment_interval.rb": [
        1,
        6,
        null
      ],
      "/home/developer/Documentos/playbusinessbonus/app/models/bonu.rb": [
        1,
        1,
        null
      ],
      "/home/developer/Documentos/playbusinessbonus/app/models/cv_investment_interval.rb": [
        1,
        1,
        1,
        null
      ],
      "/home/developer/Documentos/playbusinessbonus/app/models/unit_bonu.rb": [
        1,
        1,
        null
      ]
    },
    "timestamp": 1548590058
  }
}
